[INFO][2018-08-31 09:56:05,904][菜单]用户选择人人对战页面
[INFO][2018-08-31 10:11:01,839][游戏]对手IP：DESKTOP-22N091B
[INFO][2018-08-31 10:11:01,869][游戏]对手发送的消息聊天
[INFO][2018-08-31 10:13:13,865][游戏]对手IP：DESKTOP-22N091B
[INFO][2018-08-31 10:13:34,121][棋盘]白棋落子:4,5
[INFO][2018-08-31 10:13:41,864][游戏]对手IP：DESKTOP-22N091B
[INFO][2018-08-31 10:14:55,143][棋盘]白棋落子:4,6
[INFO][2018-08-31 10:15:03,888][游戏]对手IP：DESKTOP-22N091B
[INFO][2018-08-31 10:15:07,003][棋盘]白棋落子:4,7
[INFO][2018-08-31 10:15:10,846][游戏]对手IP：DESKTOP-22N091B
[INFO][2018-08-31 10:15:13,498][棋盘]白棋落子:4,8
[INFO][2018-08-31 10:15:17,163][游戏]对手IP：DESKTOP-22N091B
[INFO][2018-08-31 10:15:24,188][棋盘]白棋落子:4,9
[INFO][2018-08-31 10:16:03,400][棋盘]白棋获胜！初始化页面
[INFO][2018-08-31 10:18:01,273][菜单]用户选择人人对战页面
[INFO][2018-08-31 10:18:10,424][游戏]对手IP：edward-zhang.spsoft-sz.com
[INFO][2018-08-31 10:25:54,311][菜单]用户选择人机对战页面
[INFO][2018-08-31 10:25:57,906][人机对战菜单]用户选择返回主菜单
[INFO][2018-08-31 10:26:01,008][菜单]用户选择人人对战页面
[INFO][2018-08-31 10:27:25,221][菜单]用户选择人机对战页面
[INFO][2018-08-31 10:27:28,099][人机对战菜单]用户选择电脑水平为初级
[INFO][2018-08-31 10:27:35,314][游戏]开始游戏
[INFO][2018-08-31 10:27:36,699][接收通道]等待对方消息
[INFO][2018-08-31 10:27:36,699][棋盘]白棋落子:5,4
[INFO][2018-08-31 10:27:36,758][棋盘]黑棋落子:2,4
[INFO][2018-08-31 10:27:36,758][接收通道]等待对方消息
[INFO][2018-08-31 10:27:38,643][接收通道]等待对方消息
[INFO][2018-08-31 10:27:38,643][棋盘]白棋落子:4,5
[INFO][2018-08-31 10:27:38,643][棋盘]黑棋落子:2,3
[INFO][2018-08-31 10:27:38,644][接收通道]等待对方消息
[INFO][2018-08-31 10:27:42,692][接收通道]等待对方消息
[INFO][2018-08-31 10:27:42,692][棋盘]白棋落子:2,5
[INFO][2018-08-31 10:27:42,692][棋盘]黑棋落子:16,18
[INFO][2018-08-31 10:27:42,693][接收通道]等待对方消息
[INFO][2018-08-31 10:27:46,052][接收通道]等待对方消息
[INFO][2018-08-31 10:27:46,052][棋盘]白棋落子:3,5
[INFO][2018-08-31 10:27:46,052][棋盘]黑棋落子:12,1
[INFO][2018-08-31 10:27:46,053][接收通道]等待对方消息
[INFO][2018-08-31 10:27:47,978][接收通道]等待对方消息
[INFO][2018-08-31 10:27:47,978][棋盘]白棋落子:5,5
[INFO][2018-08-31 10:27:47,979][棋盘]黑棋落子:18,6
[INFO][2018-08-31 10:27:47,980][接收通道]等待对方消息
[INFO][2018-08-31 10:27:49,867][接收通道]等待对方消息
[INFO][2018-08-31 10:27:49,868][棋盘]白棋落子:6,5
[INFO][2018-08-31 10:27:51,581][棋盘]白棋获胜！初始化棋盘页面
[INFO][2018-08-31 10:27:52,931][游戏]玩家选择返回主菜单
[INFO][2018-08-31 10:28:01,104][菜单]用户点击退出游戏
[INFO][2018-08-31 10:29:31,133][菜单]用户选择人人对战页面
[INFO][2018-08-31 10:55:17,433][菜单]用户选择人人对战页面
[INFO][2018-08-31 10:55:34,186][菜单]用户选择人机对战页面
[INFO][2018-08-31 10:55:46,790][人机对战菜单]用户选择返回主菜单
[INFO][2018-08-31 11:14:31,151][菜单]用户选择人人对战页面
[INFO][2018-08-31 11:16:11,820][菜单]用户选择人人对战页面
[INFO][2018-08-31 12:27:00,899][菜单]用户选择人机对战页面
[INFO][2018-08-31 12:27:03,231][人机对战菜单]用户选择返回主菜单
[INFO][2018-08-31 12:27:19,798][菜单]用户点击退出游戏
[INFO][2018-08-31 12:59:58,444][菜单]用户选择人人对战页面
[INFO][2018-08-31 13:00:18,814][菜单]用户点击退出游戏
[INFO][2018-08-31 13:19:51,838][菜单]用户选择添加背景音乐
[INFO][2018-08-31 13:20:23,812][菜单]用户选择添加背景音乐
[INFO][2018-08-31 13:20:28,749][菜单]用户选择人人对战页面
[INFO][2018-08-31 13:29:34,983][菜单]用户选择添加背景音乐
[INFO][2018-08-31 13:32:04,294][菜单]用户选择添加背景音乐
[INFO][2018-08-31 13:38:59,949][菜单]用户选择添加背景音乐
[INFO][2018-08-31 13:39:03,600][菜单]用户选择添加背景音乐
[INFO][2018-08-31 13:40:33,452][菜单]用户选择添加背景音乐
[INFO][2018-08-31 13:41:02,009][菜单]用户点击退出游戏
[INFO][2018-08-31 13:52:41,316][菜单]用户选择添加背景音乐
[INFO][2018-08-31 13:53:52,034][菜单]用户选择添加背景音乐
[INFO][2018-08-31 13:53:52,746][菜单]用户选择添加背景音乐
[INFO][2018-08-31 13:53:53,066][菜单]用户选择添加背景音乐
[INFO][2018-08-31 13:58:06,662][菜单]用户选择添加背景音乐
[INFO][2018-08-31 13:58:18,469][菜单]用户选择添加背景音乐
[INFO][2018-08-31 13:58:38,938][菜单]用户选择添加背景音乐
[INFO][2018-08-31 13:59:17,587][菜单]用户选择添加背景音乐
[INFO][2018-08-31 13:59:22,318][菜单]用户选择添加背景音乐
[INFO][2018-08-31 13:59:23,814][菜单]用户选择添加背景音乐
[INFO][2018-08-31 14:05:05,699][菜单]用户选择添加背景音乐
[INFO][2018-08-31 14:05:05,767][菜单]用户双击关闭音效
[INFO][2018-08-31 14:05:13,443][菜单]用户选择添加背景音乐
[INFO][2018-08-31 14:05:13,471][菜单]用户双击关闭音效
[INFO][2018-08-31 14:05:23,819][菜单]用户选择添加背景音乐
[INFO][2018-08-31 14:05:23,851][菜单]用户双击关闭音效
[INFO][2018-08-31 14:05:24,011][菜单]用户选择添加背景音乐
[INFO][2018-08-31 14:05:24,022][菜单]用户双击关闭音效
[INFO][2018-08-31 14:05:52,203][菜单]用户选择添加背景音乐
[INFO][2018-08-31 14:08:25,103][菜单]用户选择添加背景音乐
[INFO][2018-08-31 14:08:34,041][菜单]用户选择添加背景音乐
[INFO][2018-08-31 14:09:04,173][菜单]用户选择添加背景音乐
[INFO][2018-08-31 14:09:17,910][菜单]用户选择添加背景音乐
[INFO][2018-08-31 14:10:05,537][菜单]用户选择添加背景音乐
[INFO][2018-08-31 14:10:08,709][菜单]用户选择添加背景音乐
[INFO][2018-08-31 14:10:08,917][菜单]用户选择添加背景音乐
[INFO][2018-08-31 14:10:08,918][菜单]用户双击关闭音效
[INFO][2018-08-31 14:10:12,245][菜单]用户选择添加背景音乐
[INFO][2018-08-31 14:10:12,453][菜单]用户选择添加背景音乐
[INFO][2018-08-31 14:10:12,454][菜单]用户双击关闭音效
[INFO][2018-08-31 14:13:16,921][菜单]用户选择添加背景音乐
[INFO][2018-08-31 14:13:20,820][菜单]用户选择添加背景音乐
[INFO][2018-08-31 14:13:26,100][菜单]用户选择添加背景音乐
[INFO][2018-08-31 14:16:15,321][菜单]用户选择添加背景音乐
[INFO][2018-08-31 14:16:18,371][菜单]用户选择添加背景音乐
[INFO][2018-08-31 14:16:26,339][菜单]用户选择添加背景音乐
[INFO][2018-08-31 14:16:28,939][菜单]用户选择添加背景音乐
[INFO][2018-08-31 14:17:02,891][菜单]用户选择添加背景音乐
[INFO][2018-08-31 14:17:05,997][菜单]用户选择添加背景音乐
[INFO][2018-08-31 14:17:08,149][菜单]用户选择关闭背景音乐
[INFO][2018-08-31 14:17:29,925][菜单]用户选择添加背景音乐
[INFO][2018-08-31 14:17:34,197][菜单]用户选择添加背景音乐
[INFO][2018-08-31 14:17:46,689][菜单]用户选择添加背景音乐
[INFO][2018-08-31 14:17:52,974][菜单]用户选择关闭背景音乐
[INFO][2018-08-31 14:17:55,950][菜单]用户选择关闭背景音乐
[INFO][2018-08-31 14:19:57,925][菜单]用户选择添加背景音乐
[INFO][2018-08-31 14:20:03,490][菜单]用户选择关闭背景音乐
[INFO][2018-08-31 14:20:08,715][菜单]用户选择关闭背景音乐
[INFO][2018-08-31 14:21:29,563][菜单]用户选择添加背景音乐
[INFO][2018-08-31 14:21:33,949][菜单]用户选择关闭背景音乐
[INFO][2018-08-31 14:21:38,814][菜单]用户选择关闭背景音乐
[INFO][2018-08-31 14:25:17,118][菜单]用户选择添加背景音乐
[INFO][2018-08-31 14:25:21,339][菜单]用户选择人人对战页面
[INFO][2018-08-31 14:27:50,237][菜单]用户选择添加背景音乐
[INFO][2018-08-31 14:39:52,950][菜单]用户选择添加背景音乐
[INFO][2018-08-31 14:46:51,433][菜单]用户选择添加背景音乐
[INFO][2018-08-31 14:46:57,444][菜单]用户选择人人对战页面
[INFO][2018-08-31 14:47:20,535][菜单]用户选择人机对战页面
[INFO][2018-08-31 14:47:21,727][人机对战菜单]用户选择电脑水平为初级
[INFO][2018-08-31 14:47:24,687][游戏]开始游戏
[INFO][2018-08-31 14:47:27,111][接收通道]等待对方消息
[INFO][2018-08-31 14:47:27,111][棋盘]白棋落子:6,3
[INFO][2018-08-31 14:47:27,113][棋盘]黑棋落子:9,18
[INFO][2018-08-31 14:47:27,113][接收通道]等待对方消息
[INFO][2018-08-31 14:47:28,398][接收通道]等待对方消息
[INFO][2018-08-31 14:47:28,398][棋盘]白棋落子:7,4
[INFO][2018-08-31 14:47:28,399][棋盘]黑棋落子:17,12
[INFO][2018-08-31 14:47:28,399][接收通道]等待对方消息
[INFO][2018-08-31 14:47:30,365][接收通道]等待对方消息
[INFO][2018-08-31 14:47:30,366][棋盘]白棋落子:6,4
[INFO][2018-08-31 14:47:30,366][棋盘]黑棋落子:4,14
[INFO][2018-08-31 14:47:30,366][接收通道]等待对方消息
[INFO][2018-08-31 14:47:32,510][接收通道]等待对方消息
[INFO][2018-08-31 14:47:32,510][棋盘]白棋落子:6,5
[INFO][2018-08-31 14:47:32,510][棋盘]黑棋落子:7,18
[INFO][2018-08-31 14:47:32,510][接收通道]等待对方消息
[INFO][2018-08-31 14:47:33,310][接收通道]等待对方消息
[INFO][2018-08-31 14:47:33,311][棋盘]白棋落子:6,6
[INFO][2018-08-31 14:47:33,311][棋盘]黑棋落子:12,2
[INFO][2018-08-31 14:47:33,311][接收通道]等待对方消息
[INFO][2018-08-31 14:47:35,908][接收通道]等待对方消息
[INFO][2018-08-31 14:47:35,909][棋盘]白棋落子:6,7
[INFO][2018-08-31 14:47:38,660][棋盘]白棋获胜！初始化棋盘页面
[INFO][2018-08-31 14:50:39,462][菜单]用户选择人机对战页面
[INFO][2018-08-31 14:50:47,419][人机对战菜单]用户选择电脑水平为高级
[INFO][2018-08-31 14:50:49,635][游戏]开始游戏
[INFO][2018-08-31 14:50:50,720][接收通道]等待对方消息
[INFO][2018-08-31 14:50:50,721][棋盘]白棋落子:7,4
[INFO][2018-08-31 14:50:50,723][棋盘]黑棋落子:6,3
[INFO][2018-08-31 14:50:50,723][接收通道]等待对方消息
[INFO][2018-08-31 14:50:55,035][接收通道]等待对方消息
[INFO][2018-08-31 14:50:55,036][棋盘]白棋落子:7,5
[INFO][2018-08-31 14:50:55,037][棋盘]黑棋落子:7,3
[INFO][2018-08-31 14:50:55,037][接收通道]等待对方消息
[INFO][2018-08-31 14:50:56,938][接收通道]等待对方消息
[INFO][2018-08-31 14:50:56,938][棋盘]白棋落子:7,6
[INFO][2018-08-31 14:50:56,939][棋盘]黑棋落子:5,3
[INFO][2018-08-31 14:50:56,940][接收通道]等待对方消息
[INFO][2018-08-31 14:50:59,074][接收通道]等待对方消息
[INFO][2018-08-31 14:50:59,074][棋盘]白棋落子:7,7
[INFO][2018-08-31 14:50:59,075][棋盘]黑棋落子:7,8
[INFO][2018-08-31 14:50:59,075][接收通道]等待对方消息
[INFO][2018-08-31 14:51:05,009][接收通道]等待对方消息
[INFO][2018-08-31 14:51:05,010][棋盘]白棋落子:4,3
[INFO][2018-08-31 14:51:05,010][棋盘]黑棋落子:8,3
[INFO][2018-08-31 14:51:05,010][接收通道]等待对方消息
[INFO][2018-08-31 14:51:06,794][接收通道]等待对方消息
[INFO][2018-08-31 14:51:06,795][棋盘]白棋落子:9,3
[INFO][2018-08-31 14:51:06,795][棋盘]黑棋落子:8,4
[INFO][2018-08-31 14:51:06,795][接收通道]等待对方消息
[INFO][2018-08-31 14:51:10,769][接收通道]等待对方消息
[INFO][2018-08-31 14:51:10,770][棋盘]白棋落子:6,6
[INFO][2018-08-31 14:51:10,771][棋盘]黑棋落子:6,2
[INFO][2018-08-31 14:51:10,771][接收通道]等待对方消息
[INFO][2018-08-31 14:51:15,131][接收通道]等待对方消息
[INFO][2018-08-31 14:51:15,132][棋盘]白棋落子:5,1
[INFO][2018-08-31 14:51:15,132][棋盘]黑棋落子:9,5
[INFO][2018-08-31 14:51:15,133][接收通道]等待对方消息
[INFO][2018-08-31 14:51:18,107][接收通道]等待对方消息
[INFO][2018-08-31 14:51:18,108][棋盘]白棋落子:10,6
[INFO][2018-08-31 14:51:18,108][棋盘]黑棋落子:6,4
[INFO][2018-08-31 14:51:18,108][接收通道]等待对方消息
[INFO][2018-08-31 14:51:22,636][接收通道]等待对方消息
[INFO][2018-08-31 14:51:22,636][棋盘]白棋落子:6,5
[INFO][2018-08-31 14:51:22,637][棋盘]黑棋落子:6,1
[INFO][2018-08-31 14:51:22,637][接收通道]等待对方消息
[INFO][2018-08-31 14:51:25,107][接收通道]等待对方消息
[INFO][2018-08-31 14:51:25,107][棋盘]白棋落子:6,0
[INFO][2018-08-31 14:51:25,108][棋盘]黑棋落子:5,4
[INFO][2018-08-31 14:51:25,108][接收通道]等待对方消息
[INFO][2018-08-31 14:51:31,740][接收通道]等待对方消息
[INFO][2018-08-31 14:51:31,740][棋盘]白棋落子:9,6
[INFO][2018-08-31 14:51:31,741][棋盘]黑棋落子:8,6
[INFO][2018-08-31 14:51:31,741][接收通道]等待对方消息
[INFO][2018-08-31 14:51:37,068][接收通道]等待对方消息
[INFO][2018-08-31 14:51:37,068][棋盘]白棋落子:9,4
[INFO][2018-08-31 14:51:37,069][棋盘]黑棋落子:8,5
[INFO][2018-08-31 14:51:37,069][接收通道]等待对方消息
[INFO][2018-08-31 14:51:46,900][接收通道]等待对方消息
[INFO][2018-08-31 14:51:46,901][棋盘]白棋落子:5,5
[INFO][2018-08-31 14:51:46,901][棋盘]黑棋落子:8,2
[INFO][2018-08-31 14:51:46,901][接收通道]等待对方消息
[INFO][2018-08-31 14:51:51,714][棋盘]黑棋获胜！初始化棋盘页面
[INFO][2018-08-31 14:51:52,902][游戏]玩家选择返回主菜单
[INFO][2018-08-31 15:09:10,465][菜单]用户选择人机对战页面
[INFO][2018-08-31 15:09:11,806][人机对战菜单]用户选择电脑水平为初级
[INFO][2018-08-31 15:09:16,308][游戏]开始游戏
[INFO][2018-08-31 15:09:17,627][接收通道]等待对方消息
[INFO][2018-08-31 15:09:17,627][棋盘]白棋落子:5,3
[INFO][2018-08-31 15:09:17,629][棋盘]黑棋落子:15,14
[INFO][2018-08-31 15:09:17,629][接收通道]等待对方消息
[INFO][2018-08-31 15:09:18,964][接收通道]等待对方消息
[INFO][2018-08-31 15:09:18,964][棋盘]白棋落子:5,4
[INFO][2018-08-31 15:09:18,965][棋盘]黑棋落子:10,10
[INFO][2018-08-31 15:09:18,965][接收通道]等待对方消息
[INFO][2018-08-31 15:09:19,771][接收通道]等待对方消息
[INFO][2018-08-31 15:09:19,771][棋盘]白棋落子:5,5
[INFO][2018-08-31 15:09:19,771][棋盘]黑棋落子:10,4
[INFO][2018-08-31 15:09:19,772][接收通道]等待对方消息
[INFO][2018-08-31 15:09:20,507][接收通道]等待对方消息
[INFO][2018-08-31 15:09:20,507][棋盘]白棋落子:5,6
[INFO][2018-08-31 15:09:20,508][棋盘]黑棋落子:11,17
[INFO][2018-08-31 15:09:20,508][接收通道]等待对方消息
[INFO][2018-08-31 15:09:21,963][接收通道]等待对方消息
[INFO][2018-08-31 15:09:21,964][棋盘]白棋落子:5,7
[INFO][2018-08-31 15:09:25,904][棋盘]白棋获胜！初始化棋盘页面
[INFO][2018-08-31 15:12:31,057][游戏]开始游戏
[INFO][2018-08-31 15:12:32,595][接收通道]等待对方消息
[INFO][2018-08-31 15:12:32,595][棋盘]白棋落子:6,6
[INFO][2018-08-31 15:12:32,595][棋盘]黑棋落子:15,12
[INFO][2018-08-31 15:12:32,595][接收通道]等待对方消息
[INFO][2018-08-31 15:12:33,251][接收通道]等待对方消息
[INFO][2018-08-31 15:12:33,251][棋盘]白棋落子:6,7
[INFO][2018-08-31 15:12:33,251][棋盘]黑棋落子:4,3
[INFO][2018-08-31 15:12:33,252][接收通道]等待对方消息
[INFO][2018-08-31 15:12:34,970][接收通道]等待对方消息
[INFO][2018-08-31 15:12:34,970][棋盘]白棋落子:6,8
[INFO][2018-08-31 15:12:34,971][棋盘]黑棋落子:13,16
[INFO][2018-08-31 15:12:34,971][接收通道]等待对方消息
[INFO][2018-08-31 15:12:35,947][接收通道]等待对方消息
[INFO][2018-08-31 15:12:35,947][棋盘]白棋落子:6,9
[INFO][2018-08-31 15:12:35,947][棋盘]黑棋落子:16,6
[INFO][2018-08-31 15:12:35,947][接收通道]等待对方消息
[INFO][2018-08-31 15:12:37,097][接收通道]等待对方消息
[INFO][2018-08-31 15:12:37,097][棋盘]白棋落子:6,10
[INFO][2018-08-31 15:12:39,248][棋盘]白棋获胜！初始化棋盘页面
[INFO][2018-08-31 15:13:47,820][游戏]玩家选择返回主菜单
[INFO][2018-08-31 16:09:33,879][菜单]用户选择人机对战页面
[INFO][2018-08-31 16:09:36,133][人机对战菜单]用户选择电脑水平为初级
[INFO][2018-08-31 16:09:39,653][游戏]开始游戏
[INFO][2018-08-31 16:09:40,940][接收通道]等待对方消息
[INFO][2018-08-31 16:09:40,940][棋盘]白棋落子:5,4
[INFO][2018-08-31 16:09:40,942][棋盘]黑棋落子:16,13
[INFO][2018-08-31 16:09:40,942][接收通道]等待对方消息
[INFO][2018-08-31 16:09:41,811][接收通道]等待对方消息
[INFO][2018-08-31 16:09:41,811][棋盘]白棋落子:5,5
[INFO][2018-08-31 16:09:41,812][棋盘]黑棋落子:12,3
[INFO][2018-08-31 16:09:41,812][接收通道]等待对方消息
[INFO][2018-08-31 16:09:43,163][接收通道]等待对方消息
[INFO][2018-08-31 16:09:43,163][棋盘]白棋落子:5,6
[INFO][2018-08-31 16:09:43,164][棋盘]黑棋落子:15,4
[INFO][2018-08-31 16:09:43,164][接收通道]等待对方消息
[INFO][2018-08-31 16:09:43,844][接收通道]等待对方消息
[INFO][2018-08-31 16:09:43,844][棋盘]白棋落子:5,7
[INFO][2018-08-31 16:09:43,844][棋盘]黑棋落子:11,3
[INFO][2018-08-31 16:09:43,845][接收通道]等待对方消息
[INFO][2018-08-31 16:09:44,579][接收通道]等待对方消息
[INFO][2018-08-31 16:09:44,579][棋盘]白棋落子:5,8
[INFO][2018-08-31 16:09:47,754][棋盘]白棋获胜！初始化棋盘页面
[INFO][2018-08-31 16:09:49,833][游戏]玩家选择返回主菜单
[INFO][2018-08-31 16:11:31,061][菜单]用户选择人机对战页面
[INFO][2018-08-31 16:11:32,270][人机对战菜单]用户选择电脑水平为初级
[INFO][2018-08-31 16:11:36,285][游戏]开始游戏
[INFO][2018-08-31 16:11:37,916][接收通道]等待对方消息
[INFO][2018-08-31 16:11:37,916][棋盘]白棋落子:5,3
[INFO][2018-08-31 16:11:37,917][棋盘]黑棋落子:1,3
[INFO][2018-08-31 16:11:37,917][接收通道]等待对方消息
[INFO][2018-08-31 16:11:38,699][接收通道]等待对方消息
[INFO][2018-08-31 16:11:38,700][棋盘]白棋落子:9,4
[INFO][2018-08-31 16:11:38,700][棋盘]黑棋落子:2,13
[INFO][2018-08-31 16:11:38,700][接收通道]等待对方消息
[INFO][2018-08-31 16:11:39,700][接收通道]等待对方消息
[INFO][2018-08-31 16:11:39,700][棋盘]白棋落子:7,4
[INFO][2018-08-31 16:11:39,700][棋盘]黑棋落子:9,6
[INFO][2018-08-31 16:11:39,701][接收通道]等待对方消息
[INFO][2018-08-31 16:11:40,467][接收通道]等待对方消息
[INFO][2018-08-31 16:11:40,468][棋盘]白棋落子:6,4
[INFO][2018-08-31 16:11:40,468][棋盘]黑棋落子:9,7
[INFO][2018-08-31 16:11:40,468][接收通道]等待对方消息
[INFO][2018-08-31 16:11:42,475][接收通道]等待对方消息
[INFO][2018-08-31 16:11:42,475][棋盘]白棋落子:8,4
[INFO][2018-08-31 16:11:42,476][棋盘]黑棋落子:6,5
[INFO][2018-08-31 16:11:42,476][接收通道]等待对方消息
[INFO][2018-08-31 16:11:44,234][接收通道]等待对方消息
[INFO][2018-08-31 16:11:44,234][棋盘]白棋落子:10,4
[INFO][2018-08-31 16:11:45,906][棋盘]白棋获胜！初始化棋盘页面
[INFO][2018-08-31 16:13:44,683][菜单]用户选择人机对战页面
[INFO][2018-08-31 16:13:45,809][人机对战菜单]用户选择电脑水平为初级
[INFO][2018-08-31 16:13:48,685][游戏]开始游戏
[INFO][2018-08-31 16:13:50,181][接收通道]等待对方消息
[INFO][2018-08-31 16:13:50,181][棋盘]白棋落子:7,3
[INFO][2018-08-31 16:13:50,183][棋盘]黑棋落子:16,6
[INFO][2018-08-31 16:13:50,183][接收通道]等待对方消息
[INFO][2018-08-31 16:13:50,889][接收通道]等待对方消息
[INFO][2018-08-31 16:13:50,889][棋盘]白棋落子:7,4
[INFO][2018-08-31 16:13:50,891][棋盘]黑棋落子:0,13
[INFO][2018-08-31 16:13:50,891][接收通道]等待对方消息
[INFO][2018-08-31 16:13:52,612][接收通道]等待对方消息
[INFO][2018-08-31 16:13:52,612][棋盘]白棋落子:7,5
[INFO][2018-08-31 16:13:52,612][棋盘]黑棋落子:13,11
[INFO][2018-08-31 16:13:52,613][接收通道]等待对方消息
[INFO][2018-08-31 16:13:53,259][接收通道]等待对方消息
[INFO][2018-08-31 16:13:53,259][棋盘]白棋落子:7,6
[INFO][2018-08-31 16:13:53,260][棋盘]黑棋落子:2,6
[INFO][2018-08-31 16:13:53,260][接收通道]等待对方消息
[INFO][2018-08-31 16:13:54,042][接收通道]等待对方消息
[INFO][2018-08-31 16:13:54,043][棋盘]白棋落子:7,7
[INFO][2018-08-31 16:15:55,968][菜单]用户选择人机对战页面
[INFO][2018-08-31 16:15:56,822][人机对战菜单]用户选择电脑水平为初级
[INFO][2018-08-31 16:15:59,204][游戏]开始游戏
[INFO][2018-08-31 16:15:59,981][接收通道]等待对方消息
[INFO][2018-08-31 16:15:59,982][棋盘]白棋落子:5,4
[INFO][2018-08-31 16:15:59,984][棋盘]黑棋落子:4,14
[INFO][2018-08-31 16:15:59,985][接收通道]等待对方消息
[INFO][2018-08-31 16:16:00,473][接收通道]等待对方消息
[INFO][2018-08-31 16:16:00,474][棋盘]白棋落子:5,5
[INFO][2018-08-31 16:16:00,486][棋盘]黑棋落子:9,0
[INFO][2018-08-31 16:16:00,486][接收通道]等待对方消息
[INFO][2018-08-31 16:16:01,641][接收通道]等待对方消息
[INFO][2018-08-31 16:16:01,641][棋盘]白棋落子:5,6
[INFO][2018-08-31 16:16:01,642][棋盘]黑棋落子:0,7
[INFO][2018-08-31 16:16:01,642][接收通道]等待对方消息
[INFO][2018-08-31 16:16:02,171][接收通道]等待对方消息
[INFO][2018-08-31 16:16:02,172][棋盘]白棋落子:5,7
[INFO][2018-08-31 16:16:02,172][棋盘]黑棋落子:8,12
[INFO][2018-08-31 16:16:02,172][接收通道]等待对方消息
[INFO][2018-08-31 16:16:02,716][接收通道]等待对方消息
[INFO][2018-08-31 16:16:02,716][棋盘]白棋落子:5,8
[INFO][2018-08-31 16:17:23,453][游戏]玩家选择返回主菜单
[INFO][2018-08-31 16:18:41,430][菜单]用户选择人机对战页面
[INFO][2018-08-31 16:18:42,313][人机对战菜单]用户选择电脑水平为初级
[INFO][2018-08-31 16:18:45,672][游戏]开始游戏
[INFO][2018-08-31 16:18:46,977][接收通道]等待对方消息
[INFO][2018-08-31 16:18:46,978][棋盘]白棋落子:7,5
[INFO][2018-08-31 16:18:46,980][棋盘]黑棋落子:0,15
[INFO][2018-08-31 16:18:46,980][接收通道]等待对方消息
[INFO][2018-08-31 16:18:47,903][接收通道]等待对方消息
[INFO][2018-08-31 16:18:47,903][棋盘]白棋落子:7,6
[INFO][2018-08-31 16:18:47,904][棋盘]黑棋落子:3,8
[INFO][2018-08-31 16:18:47,904][接收通道]等待对方消息
[INFO][2018-08-31 16:18:48,554][接收通道]等待对方消息
[INFO][2018-08-31 16:18:48,554][棋盘]白棋落子:7,7
[INFO][2018-08-31 16:18:48,554][棋盘]黑棋落子:10,14
[INFO][2018-08-31 16:18:48,555][接收通道]等待对方消息
[INFO][2018-08-31 16:18:49,678][接收通道]等待对方消息
[INFO][2018-08-31 16:18:49,679][棋盘]白棋落子:7,8
[INFO][2018-08-31 16:18:49,679][棋盘]黑棋落子:10,2
[INFO][2018-08-31 16:18:49,679][接收通道]等待对方消息
[INFO][2018-08-31 16:18:50,478][接收通道]等待对方消息
[INFO][2018-08-31 16:18:50,479][棋盘]白棋落子:7,9
[INFO][2018-08-31 16:19:41,311][菜单]用户选择人机对战页面
[INFO][2018-08-31 16:19:42,209][人机对战菜单]用户选择电脑水平为初级
[INFO][2018-08-31 16:19:43,983][游戏]开始游戏
[INFO][2018-08-31 16:19:44,555][接收通道]等待对方消息
[INFO][2018-08-31 16:19:44,556][棋盘]白棋落子:6,7
[INFO][2018-08-31 16:19:44,557][棋盘]黑棋落子:14,16
[INFO][2018-08-31 16:19:44,558][接收通道]等待对方消息
[INFO][2018-08-31 16:19:45,267][接收通道]等待对方消息
[INFO][2018-08-31 16:19:45,267][棋盘]白棋落子:6,8
[INFO][2018-08-31 16:19:45,267][棋盘]黑棋落子:16,13
[INFO][2018-08-31 16:19:45,268][接收通道]等待对方消息
[INFO][2018-08-31 16:19:45,685][接收通道]等待对方消息
[INFO][2018-08-31 16:19:45,686][棋盘]白棋落子:6,9
[INFO][2018-08-31 16:19:45,686][棋盘]黑棋落子:16,2
[INFO][2018-08-31 16:19:45,686][接收通道]等待对方消息
[INFO][2018-08-31 16:19:46,529][接收通道]等待对方消息
[INFO][2018-08-31 16:19:46,530][棋盘]白棋落子:6,10
[INFO][2018-08-31 16:19:46,530][棋盘]黑棋落子:0,12
[INFO][2018-08-31 16:19:46,531][接收通道]等待对方消息
[INFO][2018-08-31 16:19:47,018][接收通道]等待对方消息
[INFO][2018-08-31 16:19:47,019][棋盘]白棋落子:6,11
[INFO][2018-08-31 16:20:34,454][游戏]玩家选择返回主菜单
[INFO][2018-08-31 16:21:22,512][菜单]用户选择人机对战页面
[INFO][2018-08-31 16:21:23,762][人机对战菜单]用户选择电脑水平为初级
[INFO][2018-08-31 16:21:25,613][游戏]开始游戏
[INFO][2018-08-31 16:21:26,426][接收通道]等待对方消息
[INFO][2018-08-31 16:21:26,426][棋盘]白棋落子:7,5
[INFO][2018-08-31 16:21:26,428][棋盘]黑棋落子:13,11
[INFO][2018-08-31 16:21:26,429][接收通道]等待对方消息
[INFO][2018-08-31 16:21:26,885][接收通道]等待对方消息
[INFO][2018-08-31 16:21:26,885][棋盘]白棋落子:7,6
[INFO][2018-08-31 16:21:26,885][棋盘]黑棋落子:15,3
[INFO][2018-08-31 16:21:26,886][接收通道]等待对方消息
[INFO][2018-08-31 16:21:27,461][接收通道]等待对方消息
[INFO][2018-08-31 16:21:27,462][棋盘]白棋落子:6,7
[INFO][2018-08-31 16:21:27,462][棋盘]黑棋落子:5,7
[INFO][2018-08-31 16:21:27,462][接收通道]等待对方消息
[INFO][2018-08-31 16:21:28,964][接收通道]等待对方消息
[INFO][2018-08-31 16:21:28,964][棋盘]白棋落子:7,7
[INFO][2018-08-31 16:21:28,964][棋盘]黑棋落子:4,10
[INFO][2018-08-31 16:21:28,964][接收通道]等待对方消息
[INFO][2018-08-31 16:21:29,499][接收通道]等待对方消息
[INFO][2018-08-31 16:21:29,499][棋盘]白棋落子:7,8
[INFO][2018-08-31 16:21:29,500][棋盘]黑棋落子:11,15
[INFO][2018-08-31 16:21:29,500][接收通道]等待对方消息
[INFO][2018-08-31 16:21:30,403][接收通道]等待对方消息
[INFO][2018-08-31 16:21:30,404][棋盘]白棋落子:7,9
[INFO][2018-08-31 16:25:28,231][菜单]用户选择人机对战页面
[INFO][2018-08-31 16:25:29,374][人机对战菜单]用户选择电脑水平为初级
[INFO][2018-08-31 16:25:31,132][游戏]开始游戏
[INFO][2018-08-31 16:25:34,083][接收通道]等待对方消息
[INFO][2018-08-31 16:25:34,084][棋盘]白棋落子:8,6
[INFO][2018-08-31 16:25:34,085][棋盘]黑棋落子:7,15
[INFO][2018-08-31 16:25:34,085][接收通道]等待对方消息
[INFO][2018-08-31 16:25:34,871][接收通道]等待对方消息
[INFO][2018-08-31 16:25:34,872][棋盘]白棋落子:8,7
[INFO][2018-08-31 16:25:34,872][棋盘]黑棋落子:6,14
[INFO][2018-08-31 16:25:34,872][接收通道]等待对方消息
[INFO][2018-08-31 16:25:35,870][接收通道]等待对方消息
[INFO][2018-08-31 16:25:35,870][棋盘]白棋落子:8,8
[INFO][2018-08-31 16:25:35,871][棋盘]黑棋落子:10,13
[INFO][2018-08-31 16:25:35,871][接收通道]等待对方消息
[INFO][2018-08-31 16:25:36,694][接收通道]等待对方消息
[INFO][2018-08-31 16:25:36,694][棋盘]白棋落子:8,9
[INFO][2018-08-31 16:25:36,694][棋盘]黑棋落子:11,10
[INFO][2018-08-31 16:25:36,695][接收通道]等待对方消息
[INFO][2018-08-31 16:25:37,845][接收通道]等待对方消息
[INFO][2018-08-31 16:25:37,846][棋盘]白棋落子:8,10
[INFO][2018-08-31 16:27:00,760][棋盘]白棋获胜！初始化棋盘页面
[INFO][2018-08-31 16:27:04,649][棋盘]白棋获胜！初始化棋盘页面
[INFO][2018-08-31 16:27:26,644][菜单]用户选择人机对战页面
[INFO][2018-08-31 16:27:27,466][人机对战菜单]用户选择电脑水平为初级
[INFO][2018-08-31 16:27:29,337][游戏]开始游戏
[INFO][2018-08-31 16:27:29,976][接收通道]等待对方消息
[INFO][2018-08-31 16:27:29,976][棋盘]白棋落子:9,6
[INFO][2018-08-31 16:27:29,978][棋盘]黑棋落子:10,10
[INFO][2018-08-31 16:27:29,979][接收通道]等待对方消息
[INFO][2018-08-31 16:27:30,711][接收通道]等待对方消息
[INFO][2018-08-31 16:27:30,711][棋盘]白棋落子:9,7
[INFO][2018-08-31 16:27:30,712][棋盘]黑棋落子:18,9
[INFO][2018-08-31 16:27:30,712][接收通道]等待对方消息
[INFO][2018-08-31 16:27:32,303][接收通道]等待对方消息
[INFO][2018-08-31 16:27:32,304][棋盘]白棋落子:9,8
[INFO][2018-08-31 16:27:32,304][棋盘]黑棋落子:1,16
[INFO][2018-08-31 16:27:32,304][接收通道]等待对方消息
[INFO][2018-08-31 16:27:32,848][接收通道]等待对方消息
[INFO][2018-08-31 16:27:32,848][棋盘]白棋落子:9,9
[INFO][2018-08-31 16:27:32,848][棋盘]黑棋落子:1,13
[INFO][2018-08-31 16:27:32,848][接收通道]等待对方消息
[INFO][2018-08-31 16:27:33,559][接收通道]等待对方消息
[INFO][2018-08-31 16:27:33,560][棋盘]白棋落子:9,10
[INFO][2018-08-31 16:27:35,463][棋盘]白棋获胜！初始化棋盘页面
[INFO][2018-08-31 16:33:15,888][菜单]用户选择人机对战页面
[INFO][2018-08-31 16:33:16,728][人机对战菜单]用户选择电脑水平为初级
[INFO][2018-08-31 16:33:18,479][游戏]开始游戏
[INFO][2018-08-31 16:33:19,094][接收通道]等待对方消息
[INFO][2018-08-31 16:33:19,094][棋盘]白棋落子:8,5
[INFO][2018-08-31 16:33:19,098][棋盘]黑棋落子:13,3
[INFO][2018-08-31 16:33:19,098][接收通道]等待对方消息
[INFO][2018-08-31 16:33:19,795][接收通道]等待对方消息
[INFO][2018-08-31 16:33:19,795][棋盘]白棋落子:8,6
[INFO][2018-08-31 16:33:19,796][棋盘]黑棋落子:11,18
[INFO][2018-08-31 16:33:19,796][接收通道]等待对方消息
[INFO][2018-08-31 16:33:20,272][接收通道]等待对方消息
[INFO][2018-08-31 16:33:20,273][棋盘]白棋落子:8,7
[INFO][2018-08-31 16:33:20,273][棋盘]黑棋落子:7,13
[INFO][2018-08-31 16:33:20,273][接收通道]等待对方消息
[INFO][2018-08-31 16:33:20,772][接收通道]等待对方消息
[INFO][2018-08-31 16:33:20,772][棋盘]白棋落子:8,8
[INFO][2018-08-31 16:33:20,773][棋盘]黑棋落子:1,1
[INFO][2018-08-31 16:33:20,773][接收通道]等待对方消息
[INFO][2018-08-31 16:33:21,253][接收通道]等待对方消息
[INFO][2018-08-31 16:33:21,268][棋盘]白棋落子:8,9
[INFO][2018-08-31 16:33:23,751][棋盘]白棋获胜！初始化棋盘页面
[INFO][2018-08-31 16:39:53,799][菜单]用户选择人机对战页面
[INFO][2018-08-31 16:39:55,451][人机对战菜单]用户选择电脑水平为初级
[INFO][2018-08-31 16:39:58,295][游戏]开始游戏
[INFO][2018-08-31 16:39:59,229][接收通道]等待对方消息
[INFO][2018-08-31 16:39:59,229][棋盘]白棋落子:7,4
[INFO][2018-08-31 16:39:59,233][棋盘]黑棋落子:10,10
[INFO][2018-08-31 16:39:59,234][接收通道]等待对方消息
[INFO][2018-08-31 16:40:00,838][接收通道]等待对方消息
[INFO][2018-08-31 16:40:00,838][棋盘]白棋落子:7,5
[INFO][2018-08-31 16:40:00,839][棋盘]黑棋落子:16,11
[INFO][2018-08-31 16:40:00,840][接收通道]等待对方消息
[INFO][2018-08-31 16:40:01,791][接收通道]等待对方消息
[INFO][2018-08-31 16:40:01,792][棋盘]白棋落子:7,6
[INFO][2018-08-31 16:40:01,793][棋盘]黑棋落子:7,3
[INFO][2018-08-31 16:40:01,794][接收通道]等待对方消息
[INFO][2018-08-31 16:40:02,659][接收通道]等待对方消息
[INFO][2018-08-31 16:40:02,660][棋盘]白棋落子:7,7
[INFO][2018-08-31 16:40:02,661][棋盘]黑棋落子:9,12
[INFO][2018-08-31 16:40:02,661][接收通道]等待对方消息
[INFO][2018-08-31 16:40:04,104][接收通道]等待对方消息
[INFO][2018-08-31 16:40:04,104][棋盘]白棋落子:7,8
[INFO][2018-08-31 16:46:56,598][棋盘]白棋获胜！初始化棋盘页面
[INFO][2018-08-31 17:10:51,931][菜单]用户选择人机对战页面
[INFO][2018-08-31 17:10:52,805][人机对战菜单]用户选择电脑水平为初级
[INFO][2018-08-31 17:10:54,289][游戏]开始游戏
[INFO][2018-08-31 17:10:55,121][接收通道]等待对方消息
[INFO][2018-08-31 17:10:55,122][棋盘]白棋落子:5,5
[INFO][2018-08-31 17:10:55,123][棋盘]黑棋落子:3,18
[INFO][2018-08-31 17:10:55,123][接收通道]等待对方消息
[INFO][2018-08-31 17:10:55,730][接收通道]等待对方消息
[INFO][2018-08-31 17:10:55,730][棋盘]白棋落子:5,6
[INFO][2018-08-31 17:10:55,731][棋盘]黑棋落子:0,0
[INFO][2018-08-31 17:10:55,731][接收通道]等待对方消息
[INFO][2018-08-31 17:10:56,743][接收通道]等待对方消息
[INFO][2018-08-31 17:10:56,744][棋盘]白棋落子:5,7
[INFO][2018-08-31 17:10:56,744][棋盘]黑棋落子:0,10
[INFO][2018-08-31 17:10:56,744][接收通道]等待对方消息
[INFO][2018-08-31 17:10:57,490][接收通道]等待对方消息
[INFO][2018-08-31 17:10:57,490][棋盘]白棋落子:5,8
[INFO][2018-08-31 17:10:57,490][棋盘]黑棋落子:4,10
[INFO][2018-08-31 17:10:57,491][接收通道]等待对方消息
[INFO][2018-08-31 17:10:58,057][接收通道]等待对方消息
[INFO][2018-08-31 17:10:58,057][棋盘]白棋落子:5,9
[INFO][2018-08-31 17:12:12,561][菜单]用户选择人机对战页面
[INFO][2018-08-31 17:12:13,425][人机对战菜单]用户选择电脑水平为初级
[INFO][2018-08-31 17:12:15,198][游戏]开始游戏
[INFO][2018-08-31 17:12:15,685][接收通道]等待对方消息
[INFO][2018-08-31 17:12:15,685][棋盘]白棋落子:6,6
[INFO][2018-08-31 17:12:15,687][棋盘]黑棋落子:11,3
[INFO][2018-08-31 17:12:15,687][接收通道]等待对方消息
[INFO][2018-08-31 17:12:16,197][接收通道]等待对方消息
[INFO][2018-08-31 17:12:16,198][棋盘]白棋落子:6,7
[INFO][2018-08-31 17:12:16,198][棋盘]黑棋落子:10,6
[INFO][2018-08-31 17:12:16,199][接收通道]等待对方消息
[INFO][2018-08-31 17:12:16,646][接收通道]等待对方消息
[INFO][2018-08-31 17:12:16,646][棋盘]白棋落子:6,8
[INFO][2018-08-31 17:12:16,647][棋盘]黑棋落子:6,16
[INFO][2018-08-31 17:12:16,647][接收通道]等待对方消息
[INFO][2018-08-31 17:12:17,857][接收通道]等待对方消息
[INFO][2018-08-31 17:12:17,858][棋盘]白棋落子:6,9
[INFO][2018-08-31 17:12:17,858][棋盘]黑棋落子:18,18
[INFO][2018-08-31 17:12:17,858][接收通道]等待对方消息
[INFO][2018-08-31 17:12:18,551][接收通道]等待对方消息
[INFO][2018-08-31 17:12:18,552][棋盘]白棋落子:6,10
[INFO][2018-08-31 17:12:20,708][棋盘]白棋获胜！初始化棋盘页面
[INFO][2018-08-31 17:12:37,699][菜单]用户选择人机对战页面
[INFO][2018-08-31 17:12:39,281][人机对战菜单]用户选择电脑水平为初级
[INFO][2018-08-31 17:12:40,730][游戏]开始游戏
[INFO][2018-08-31 17:12:41,527][接收通道]等待对方消息
[INFO][2018-08-31 17:12:41,528][棋盘]白棋落子:9,5
[INFO][2018-08-31 17:12:41,530][棋盘]黑棋落子:9,7
[INFO][2018-08-31 17:12:41,530][接收通道]等待对方消息
[INFO][2018-08-31 17:12:42,004][接收通道]等待对方消息
[INFO][2018-08-31 17:12:42,005][棋盘]白棋落子:9,6
[INFO][2018-08-31 17:12:42,005][棋盘]黑棋落子:8,17
[INFO][2018-08-31 17:12:42,005][接收通道]等待对方消息
[INFO][2018-08-31 17:12:43,196][接收通道]等待对方消息
[INFO][2018-08-31 17:12:43,196][棋盘]白棋落子:10,6
[INFO][2018-08-31 17:12:43,197][棋盘]黑棋落子:18,3
[INFO][2018-08-31 17:12:43,197][接收通道]等待对方消息
[INFO][2018-08-31 17:12:43,912][接收通道]等待对方消息
[INFO][2018-08-31 17:12:43,912][棋盘]白棋落子:10,5
[INFO][2018-08-31 17:12:43,912][棋盘]黑棋落子:10,1
[INFO][2018-08-31 17:12:43,913][接收通道]等待对方消息
[INFO][2018-08-31 17:12:44,766][接收通道]等待对方消息
[INFO][2018-08-31 17:12:44,766][棋盘]白棋落子:8,5
[INFO][2018-08-31 17:12:44,767][棋盘]黑棋落子:14,17
[INFO][2018-08-31 17:12:44,767][接收通道]等待对方消息
[INFO][2018-08-31 17:12:45,431][接收通道]等待对方消息
[INFO][2018-08-31 17:12:45,431][棋盘]白棋落子:7,5
[INFO][2018-08-31 17:12:45,431][棋盘]黑棋落子:12,1
[INFO][2018-08-31 17:12:45,432][接收通道]等待对方消息
[INFO][2018-08-31 17:12:46,068][接收通道]等待对方消息
[INFO][2018-08-31 17:12:46,069][棋盘]白棋落子:6,5
[INFO][2018-08-31 17:12:47,933][棋盘]白棋获胜！初始化棋盘页面
[INFO][2018-08-31 17:38:03,205][棋盘]白棋获胜！初始化棋盘页面
[INFO][2018-09-03 08:39:12,771][菜单]用户选择人人对战页面
[INFO][2018-09-03 08:56:56,467][菜单]用户选择人机对战页面
[INFO][2018-09-03 08:56:57,579][人机对战菜单]用户选择电脑水平为初级
[INFO][2018-09-03 08:56:59,639][游戏]开始游戏
[INFO][2018-09-03 08:57:01,038][接收通道]等待对方消息
[INFO][2018-09-03 08:57:01,038][棋盘]白棋落子:7,5
[INFO][2018-09-03 08:57:01,079][棋盘]黑棋落子:3,13
[INFO][2018-09-03 08:57:01,079][接收通道]等待对方消息
[INFO][2018-09-03 08:57:02,685][接收通道]等待对方消息
[INFO][2018-09-03 08:57:02,685][棋盘]白棋落子:8,6
[INFO][2018-09-03 08:57:02,685][棋盘]黑棋落子:3,12
[INFO][2018-09-03 08:57:02,685][接收通道]等待对方消息
[INFO][2018-09-03 08:57:03,368][接收通道]等待对方消息
[INFO][2018-09-03 08:57:03,368][棋盘]白棋落子:9,7
[INFO][2018-09-03 08:57:03,368][棋盘]黑棋落子:0,9
[INFO][2018-09-03 08:57:03,368][接收通道]等待对方消息
[INFO][2018-09-03 08:57:05,008][接收通道]等待对方消息
[INFO][2018-09-03 08:57:05,008][棋盘]白棋落子:10,8
[INFO][2018-09-03 08:57:05,008][棋盘]黑棋落子:8,14
[INFO][2018-09-03 08:57:05,008][接收通道]等待对方消息
[INFO][2018-09-03 08:57:07,262][接收通道]等待对方消息
[INFO][2018-09-03 08:57:07,262][棋盘]白棋落子:11,8
[INFO][2018-09-03 08:57:07,262][棋盘]黑棋落子:3,9
[INFO][2018-09-03 08:57:07,262][接收通道]等待对方消息
[INFO][2018-09-03 08:57:11,128][接收通道]等待对方消息
[INFO][2018-09-03 08:57:11,128][棋盘]白棋落子:11,9
[INFO][2018-09-03 08:57:14,265][棋盘]白棋获胜！初始化棋盘页面
[INFO][2018-09-03 08:57:20,495][游戏]玩家选择返回主菜单
[INFO][2018-09-03 09:03:59,816][菜单]用户选择人机对战页面
[INFO][2018-09-03 09:04:00,717][人机对战菜单]用户选择电脑水平为初级
[INFO][2018-09-03 09:04:02,277][游戏]开始游戏
[INFO][2018-09-03 09:04:03,202][接收通道]等待对方消息
[INFO][2018-09-03 09:04:03,202][棋盘]白棋落子:9,7
[INFO][2018-09-03 09:04:03,203][棋盘]黑棋落子:12,6
[INFO][2018-09-03 09:04:03,206][接收通道]等待对方消息
[INFO][2018-09-03 09:04:04,420][接收通道]等待对方消息
[INFO][2018-09-03 09:04:04,420][棋盘]白棋落子:10,8
[INFO][2018-09-03 09:04:04,420][棋盘]黑棋落子:4,13
[INFO][2018-09-03 09:04:04,420][接收通道]等待对方消息
[INFO][2018-09-03 09:04:05,595][接收通道]等待对方消息
[INFO][2018-09-03 09:04:05,595][棋盘]白棋落子:11,9
[INFO][2018-09-03 09:04:05,595][棋盘]黑棋落子:10,17
[INFO][2018-09-03 09:04:05,595][接收通道]等待对方消息
[INFO][2018-09-03 09:04:06,550][接收通道]等待对方消息
[INFO][2018-09-03 09:04:06,550][棋盘]白棋落子:8,6
[INFO][2018-09-03 09:04:06,550][棋盘]黑棋落子:12,18
[INFO][2018-09-03 09:04:06,550][接收通道]等待对方消息
[INFO][2018-09-03 09:04:07,510][接收通道]等待对方消息
[INFO][2018-09-03 09:04:07,510][棋盘]白棋落子:7,5
[INFO][2018-09-03 09:04:12,500][棋盘]白棋获胜！初始化棋盘页面
[INFO][2018-09-03 09:04:14,091][游戏]玩家选择返回主菜单
[INFO][2018-09-03 09:06:09,852][菜单]用户选择人机对战页面
[INFO][2018-09-03 09:06:10,763][人机对战菜单]用户选择电脑水平为初级
[INFO][2018-09-03 09:06:13,293][游戏]开始游戏
[INFO][2018-09-03 09:06:15,751][接收通道]等待对方消息
[INFO][2018-09-03 09:06:15,751][棋盘]白棋落子:7,7
[INFO][2018-09-03 09:06:15,751][棋盘]黑棋落子:6,13
[INFO][2018-09-03 09:06:15,751][接收通道]等待对方消息
[INFO][2018-09-03 09:06:17,435][接收通道]等待对方消息
[INFO][2018-09-03 09:06:17,445][棋盘]白棋落子:8,7
[INFO][2018-09-03 09:06:17,445][棋盘]黑棋落子:14,14
[INFO][2018-09-03 09:06:17,445][接收通道]等待对方消息
[INFO][2018-09-03 09:06:20,417][接收通道]等待对方消息
[INFO][2018-09-03 09:06:20,417][棋盘]白棋落子:9,7
[INFO][2018-09-03 09:06:20,417][棋盘]黑棋落子:18,15
[INFO][2018-09-03 09:06:20,417][接收通道]等待对方消息
[INFO][2018-09-03 09:06:21,069][接收通道]等待对方消息
[INFO][2018-09-03 09:06:21,069][棋盘]白棋落子:10,7
[INFO][2018-09-03 09:06:21,069][棋盘]黑棋落子:15,4
[INFO][2018-09-03 09:06:21,069][接收通道]等待对方消息
[INFO][2018-09-03 09:06:22,099][接收通道]等待对方消息
[INFO][2018-09-03 09:06:22,099][棋盘]白棋落子:11,7
[INFO][2018-09-03 09:06:23,729][棋盘]白棋获胜！初始化棋盘页面
[INFO][2018-09-03 09:06:26,920][游戏]玩家选择返回主菜单
[INFO][2018-09-03 09:25:43,013][菜单]用户选择人机对战页面
[INFO][2018-09-03 09:25:44,185][人机对战菜单]用户选择电脑水平为初级
[INFO][2018-09-03 09:25:45,645][游戏]开始游戏
[INFO][2018-09-03 09:25:46,468][接收通道]等待对方消息
[INFO][2018-09-03 09:25:46,469][棋盘]白棋落子:7,5
[INFO][2018-09-03 09:25:46,471][棋盘]黑棋落子:16,1
[INFO][2018-09-03 09:25:46,471][接收通道]等待对方消息
[INFO][2018-09-03 09:25:47,479][接收通道]等待对方消息
[INFO][2018-09-03 09:25:47,479][棋盘]白棋落子:8,6
[INFO][2018-09-03 09:25:47,480][棋盘]黑棋落子:4,14
[INFO][2018-09-03 09:25:47,481][接收通道]等待对方消息
[INFO][2018-09-03 09:25:48,041][接收通道]等待对方消息
[INFO][2018-09-03 09:25:48,041][棋盘]白棋落子:9,7
[INFO][2018-09-03 09:25:48,042][棋盘]黑棋落子:1,13
[INFO][2018-09-03 09:25:48,042][接收通道]等待对方消息
[INFO][2018-09-03 09:25:48,910][接收通道]等待对方消息
[INFO][2018-09-03 09:25:48,910][棋盘]白棋落子:10,8
[INFO][2018-09-03 09:25:48,910][棋盘]黑棋落子:8,1
[INFO][2018-09-03 09:25:48,910][接收通道]等待对方消息
[INFO][2018-09-03 09:25:49,914][接收通道]等待对方消息
[INFO][2018-09-03 09:25:49,914][棋盘]白棋落子:11,9
[INFO][2018-09-03 09:25:57,547][棋盘]白棋获胜！初始化棋盘页面
[INFO][2018-09-03 09:25:59,308][游戏]玩家选择返回主菜单
[INFO][2018-09-03 09:27:45,170][菜单]用户选择人机对战页面
[INFO][2018-09-03 09:27:46,005][人机对战菜单]用户选择电脑水平为初级
[INFO][2018-09-03 09:27:47,636][游戏]开始游戏
[INFO][2018-09-03 09:27:48,625][接收通道]等待对方消息
[INFO][2018-09-03 09:27:48,626][棋盘]白棋落子:8,4
[INFO][2018-09-03 09:27:48,627][棋盘]黑棋落子:6,12
[INFO][2018-09-03 09:27:48,628][接收通道]等待对方消息
[INFO][2018-09-03 09:27:50,701][接收通道]等待对方消息
[INFO][2018-09-03 09:27:50,701][棋盘]白棋落子:9,5
[INFO][2018-09-03 09:27:50,702][棋盘]黑棋落子:13,3
[INFO][2018-09-03 09:27:50,702][接收通道]等待对方消息
[INFO][2018-09-03 09:27:51,403][接收通道]等待对方消息
[INFO][2018-09-03 09:27:51,404][棋盘]白棋落子:10,6
[INFO][2018-09-03 09:27:51,404][棋盘]黑棋落子:6,13
[INFO][2018-09-03 09:27:51,404][接收通道]等待对方消息
[INFO][2018-09-03 09:27:52,588][接收通道]等待对方消息
[INFO][2018-09-03 09:27:52,588][棋盘]白棋落子:11,7
[INFO][2018-09-03 09:27:52,589][棋盘]黑棋落子:11,6
[INFO][2018-09-03 09:27:52,589][接收通道]等待对方消息
[INFO][2018-09-03 09:27:55,868][接收通道]等待对方消息
[INFO][2018-09-03 09:27:55,869][棋盘]白棋落子:12,8
[INFO][2018-09-03 09:27:58,557][棋盘]白棋获胜！初始化棋盘页面
[INFO][2018-09-03 09:27:59,754][游戏]玩家选择返回主菜单
[INFO][2018-09-03 09:44:38,804][菜单]用户选择人机对战页面
[INFO][2018-09-03 09:44:40,981][人机对战菜单]用户选择电脑水平为初级
[INFO][2018-09-03 09:44:46,883][游戏]开始游戏
[INFO][2018-09-03 09:44:47,948][接收通道]等待对方消息
[INFO][2018-09-03 09:44:47,948][棋盘]白棋落子:8,5
[INFO][2018-09-03 09:44:47,949][棋盘]黑棋落子:9,1
[INFO][2018-09-03 09:44:47,949][接收通道]等待对方消息
[INFO][2018-09-03 09:44:51,380][接收通道]等待对方消息
[INFO][2018-09-03 09:44:51,380][棋盘]白棋落子:9,5
[INFO][2018-09-03 09:44:51,380][棋盘]黑棋落子:10,7
[INFO][2018-09-03 09:44:51,390][接收通道]等待对方消息
[INFO][2018-09-03 09:44:52,828][接收通道]等待对方消息
[INFO][2018-09-03 09:44:52,828][棋盘]白棋落子:9,6
[INFO][2018-09-03 09:44:52,828][棋盘]黑棋落子:16,16
[INFO][2018-09-03 09:44:52,828][接收通道]等待对方消息
[INFO][2018-09-03 09:44:53,988][接收通道]等待对方消息
[INFO][2018-09-03 09:44:53,988][棋盘]白棋落子:10,5
[INFO][2018-09-03 09:44:53,988][棋盘]黑棋落子:13,13
[INFO][2018-09-03 09:44:53,989][接收通道]等待对方消息
[INFO][2018-09-03 09:44:55,220][接收通道]等待对方消息
[INFO][2018-09-03 09:44:55,220][棋盘]白棋落子:11,5
[INFO][2018-09-03 09:44:55,220][棋盘]黑棋落子:15,8
[INFO][2018-09-03 09:44:55,220][接收通道]等待对方消息
[INFO][2018-09-03 09:44:56,270][接收通道]等待对方消息
[INFO][2018-09-03 09:44:56,270][棋盘]白棋落子:12,5
[INFO][2018-09-03 09:44:59,660][棋盘]白棋获胜！初始化棋盘页面
[INFO][2018-09-03 09:46:33,268][菜单]用户选择人机对战页面
[INFO][2018-09-03 09:46:34,674][人机对战菜单]用户选择电脑水平为初级
[INFO][2018-09-03 09:46:36,162][游戏]开始游戏
[INFO][2018-09-03 09:46:37,007][接收通道]等待对方消息
[INFO][2018-09-03 09:46:37,007][棋盘]白棋落子:9,4
[INFO][2018-09-03 09:46:37,009][棋盘]黑棋落子:15,8
[INFO][2018-09-03 09:46:37,009][接收通道]等待对方消息
[INFO][2018-09-03 09:46:37,743][接收通道]等待对方消息
[INFO][2018-09-03 09:46:37,743][棋盘]白棋落子:9,5
[INFO][2018-09-03 09:46:37,743][棋盘]黑棋落子:3,10
[INFO][2018-09-03 09:46:37,744][接收通道]等待对方消息
[INFO][2018-09-03 09:46:38,388][接收通道]等待对方消息
[INFO][2018-09-03 09:46:38,388][棋盘]白棋落子:9,6
[INFO][2018-09-03 09:46:38,388][棋盘]黑棋落子:17,6
[INFO][2018-09-03 09:46:38,389][接收通道]等待对方消息
[INFO][2018-09-03 09:46:39,033][接收通道]等待对方消息
[INFO][2018-09-03 09:46:39,033][棋盘]白棋落子:9,7
[INFO][2018-09-03 09:46:39,033][棋盘]黑棋落子:10,13
[INFO][2018-09-03 09:46:39,033][接收通道]等待对方消息
[INFO][2018-09-03 09:46:40,733][接收通道]等待对方消息
[INFO][2018-09-03 09:46:40,733][棋盘]白棋落子:9,8
[INFO][2018-09-03 09:46:43,724][棋盘]白棋获胜！初始化棋盘页面
[INFO][2018-09-03 09:51:47,622][菜单]用户选择人机对战页面
[INFO][2018-09-03 09:51:49,964][人机对战菜单]用户选择电脑水平为初级
[INFO][2018-09-03 09:51:51,674][游戏]开始游戏
[INFO][2018-09-03 09:51:53,122][接收通道]等待对方消息
[INFO][2018-09-03 09:51:53,122][棋盘]白棋落子:6,5
[INFO][2018-09-03 09:51:53,122][棋盘]黑棋落子:17,6
[INFO][2018-09-03 09:51:53,122][接收通道]等待对方消息
[INFO][2018-09-03 09:51:54,224][接收通道]等待对方消息
[INFO][2018-09-03 09:51:54,224][棋盘]白棋落子:7,6
[INFO][2018-09-03 09:51:54,224][棋盘]黑棋落子:2,7
[INFO][2018-09-03 09:51:54,225][接收通道]等待对方消息
[INFO][2018-09-03 09:51:54,942][接收通道]等待对方消息
[INFO][2018-09-03 09:51:54,942][棋盘]白棋落子:8,7
[INFO][2018-09-03 09:51:54,942][棋盘]黑棋落子:1,0
[INFO][2018-09-03 09:51:54,952][接收通道]等待对方消息
[INFO][2018-09-03 09:51:55,799][接收通道]等待对方消息
[INFO][2018-09-03 09:51:55,799][棋盘]白棋落子:9,8
[INFO][2018-09-03 09:51:55,799][棋盘]黑棋落子:7,17
[INFO][2018-09-03 09:51:55,799][接收通道]等待对方消息
[INFO][2018-09-03 09:51:56,565][接收通道]等待对方消息
[INFO][2018-09-03 09:51:56,565][棋盘]白棋落子:10,9
[INFO][2018-09-03 09:52:01,537][棋盘]白棋获胜！初始化棋盘页面
[INFO][2018-09-03 09:58:28,416][菜单]用户选择人机对战页面
[INFO][2018-09-03 09:58:29,284][人机对战菜单]用户选择电脑水平为初级
[INFO][2018-09-03 09:58:30,802][游戏]开始游戏
[INFO][2018-09-03 09:58:31,710][接收通道]等待对方消息
[INFO][2018-09-03 09:58:31,710][棋盘]白棋落子:6,4
[INFO][2018-09-03 09:58:31,712][棋盘]黑棋落子:8,7
[INFO][2018-09-03 09:58:31,712][接收通道]等待对方消息
[INFO][2018-09-03 09:58:33,716][接收通道]等待对方消息
[INFO][2018-09-03 09:58:33,716][棋盘]白棋落子:7,4
[INFO][2018-09-03 09:58:33,716][棋盘]黑棋落子:7,16
[INFO][2018-09-03 09:58:33,716][接收通道]等待对方消息
[INFO][2018-09-03 09:58:34,386][接收通道]等待对方消息
[INFO][2018-09-03 09:58:34,386][棋盘]白棋落子:8,4
[INFO][2018-09-03 09:58:34,386][棋盘]黑棋落子:8,3
[INFO][2018-09-03 09:58:34,386][接收通道]等待对方消息
[INFO][2018-09-03 09:58:34,947][接收通道]等待对方消息
[INFO][2018-09-03 09:58:34,947][棋盘]白棋落子:9,4
[INFO][2018-09-03 09:58:34,947][棋盘]黑棋落子:2,10
[INFO][2018-09-03 09:58:34,947][接收通道]等待对方消息
[INFO][2018-09-03 09:58:35,585][接收通道]等待对方消息
[INFO][2018-09-03 09:58:35,585][棋盘]白棋落子:10,4
[INFO][2018-09-03 09:58:37,756][棋盘]白棋获胜！初始化棋盘页面
[INFO][2018-09-03 11:11:38,020][菜单]用户选择人机对战页面
[INFO][2018-09-03 11:11:39,035][人机对战菜单]用户选择电脑水平为初级
[INFO][2018-09-03 11:11:40,405][游戏]开始游戏
[INFO][2018-09-03 11:11:41,142][接收通道]等待对方消息
[INFO][2018-09-03 11:11:41,142][棋盘]白棋落子:7,4
[INFO][2018-09-03 11:11:41,144][棋盘]黑棋落子:2,11
[INFO][2018-09-03 11:11:41,144][接收通道]等待对方消息
[INFO][2018-09-03 11:11:41,700][接收通道]等待对方消息
[INFO][2018-09-03 11:11:41,700][棋盘]白棋落子:8,4
[INFO][2018-09-03 11:11:41,700][棋盘]黑棋落子:1,7
[INFO][2018-09-03 11:11:41,700][接收通道]等待对方消息
[INFO][2018-09-03 11:11:42,295][接收通道]等待对方消息
[INFO][2018-09-03 11:11:42,295][棋盘]白棋落子:9,4
[INFO][2018-09-03 11:11:42,295][棋盘]黑棋落子:9,14
[INFO][2018-09-03 11:11:42,296][接收通道]等待对方消息
[INFO][2018-09-03 11:11:43,033][接收通道]等待对方消息
[INFO][2018-09-03 11:11:43,033][棋盘]白棋落子:10,4
[INFO][2018-09-03 11:11:43,033][棋盘]黑棋落子:2,5
[INFO][2018-09-03 11:11:43,033][接收通道]等待对方消息
[INFO][2018-09-03 11:11:43,673][接收通道]等待对方消息
[INFO][2018-09-03 11:11:43,673][棋盘]白棋落子:11,4
[INFO][2018-09-03 11:11:46,848][棋盘]白棋获胜！初始化棋盘页面
[INFO][2018-09-03 11:16:40,176][菜单]用户选择人机对战页面
[INFO][2018-09-03 11:16:41,039][人机对战菜单]用户选择电脑水平为初级
[INFO][2018-09-03 11:16:42,864][游戏]开始游戏
[INFO][2018-09-03 11:16:43,982][接收通道]等待对方消息
[INFO][2018-09-03 11:16:43,982][棋盘]白棋落子:8,6
[INFO][2018-09-03 11:16:43,982][棋盘]黑棋落子:12,15
[INFO][2018-09-03 11:16:43,982][接收通道]等待对方消息
[INFO][2018-09-03 11:16:44,538][接收通道]等待对方消息
[INFO][2018-09-03 11:16:44,538][棋盘]白棋落子:9,6
[INFO][2018-09-03 11:16:44,539][棋盘]黑棋落子:16,0
[INFO][2018-09-03 11:16:44,539][接收通道]等待对方消息
[INFO][2018-09-03 11:16:45,047][接收通道]等待对方消息
[INFO][2018-09-03 11:16:45,048][棋盘]白棋落子:10,6
[INFO][2018-09-03 11:16:45,048][棋盘]黑棋落子:10,2
[INFO][2018-09-03 11:16:45,048][接收通道]等待对方消息
[INFO][2018-09-03 11:16:45,532][接收通道]等待对方消息
[INFO][2018-09-03 11:16:45,532][棋盘]白棋落子:11,6
[INFO][2018-09-03 11:16:45,532][棋盘]黑棋落子:8,3
[INFO][2018-09-03 11:16:45,532][接收通道]等待对方消息
[INFO][2018-09-03 11:16:45,992][接收通道]等待对方消息
[INFO][2018-09-03 11:16:45,992][棋盘]白棋落子:12,6
[INFO][2018-09-03 11:16:48,155][棋盘]白棋获胜！初始化棋盘页面
[INFO][2018-09-03 11:18:06,455][菜单]用户选择人机对战页面
[INFO][2018-09-03 11:18:07,486][人机对战菜单]用户选择电脑水平为初级
[INFO][2018-09-03 11:18:09,845][游戏]开始游戏
[INFO][2018-09-03 11:18:10,849][接收通道]等待对方消息
[INFO][2018-09-03 11:18:10,849][棋盘]白棋落子:6,6
[INFO][2018-09-03 11:18:10,852][棋盘]黑棋落子:11,3
[INFO][2018-09-03 11:18:10,852][接收通道]等待对方消息
[INFO][2018-09-03 11:18:11,617][接收通道]等待对方消息
[INFO][2018-09-03 11:18:11,618][棋盘]白棋落子:7,6
[INFO][2018-09-03 11:18:11,619][棋盘]黑棋落子:16,15
[INFO][2018-09-03 11:18:11,620][接收通道]等待对方消息
[INFO][2018-09-03 11:18:12,834][接收通道]等待对方消息
[INFO][2018-09-03 11:18:12,834][棋盘]白棋落子:8,6
[INFO][2018-09-03 11:18:12,834][棋盘]黑棋落子:17,10
[INFO][2018-09-03 11:18:12,834][接收通道]等待对方消息
[INFO][2018-09-03 11:18:14,143][接收通道]等待对方消息
[INFO][2018-09-03 11:18:14,143][棋盘]白棋落子:10,6
[INFO][2018-09-03 11:18:14,143][棋盘]黑棋落子:2,3
[INFO][2018-09-03 11:18:14,143][接收通道]等待对方消息
[INFO][2018-09-03 11:18:15,358][接收通道]等待对方消息
[INFO][2018-09-03 11:18:15,358][棋盘]白棋落子:9,6
[INFO][2018-09-03 11:20:28,126][菜单]用户选择人机对战页面
[INFO][2018-09-03 11:20:28,995][人机对战菜单]用户选择电脑水平为初级
[INFO][2018-09-03 11:20:31,410][游戏]开始游戏
[INFO][2018-09-03 11:20:32,616][接收通道]等待对方消息
[INFO][2018-09-03 11:20:32,616][棋盘]白棋落子:7,5
[INFO][2018-09-03 11:20:32,619][棋盘]黑棋落子:10,1
[INFO][2018-09-03 11:20:32,620][接收通道]等待对方消息
[INFO][2018-09-03 11:20:33,091][接收通道]等待对方消息
[INFO][2018-09-03 11:20:33,091][棋盘]白棋落子:8,5
[INFO][2018-09-03 11:20:33,093][棋盘]黑棋落子:4,14
[INFO][2018-09-03 11:20:33,093][接收通道]等待对方消息
[INFO][2018-09-03 11:20:34,076][接收通道]等待对方消息
[INFO][2018-09-03 11:20:34,076][棋盘]白棋落子:9,5
[INFO][2018-09-03 11:20:34,076][棋盘]黑棋落子:3,5
[INFO][2018-09-03 11:20:34,077][接收通道]等待对方消息
[INFO][2018-09-03 11:20:34,722][接收通道]等待对方消息
[INFO][2018-09-03 11:20:34,723][棋盘]白棋落子:10,5
[INFO][2018-09-03 11:20:34,723][棋盘]黑棋落子:10,0
[INFO][2018-09-03 11:20:34,723][接收通道]等待对方消息
[INFO][2018-09-03 11:20:35,470][接收通道]等待对方消息
[INFO][2018-09-03 11:20:35,470][棋盘]白棋落子:11,5
[INFO][2018-09-03 11:20:38,393][棋盘]白棋获胜！初始化棋盘页面
[INFO][2018-09-03 11:21:49,544][棋盘]白棋获胜！初始化棋盘页面
[INFO][2018-09-03 11:24:51,820][菜单]用户选择人机对战页面
[INFO][2018-09-03 11:24:52,529][人机对战菜单]用户选择电脑水平为初级
[INFO][2018-09-03 11:24:53,927][游戏]开始游戏
[INFO][2018-09-03 11:24:54,437][接收通道]等待对方消息
[INFO][2018-09-03 11:24:54,437][棋盘]白棋落子:9,6
[INFO][2018-09-03 11:24:54,438][棋盘]黑棋落子:13,2
[INFO][2018-09-03 11:24:54,439][接收通道]等待对方消息
[INFO][2018-09-03 11:24:54,907][接收通道]等待对方消息
[INFO][2018-09-03 11:24:54,908][棋盘]白棋落子:10,6
[INFO][2018-09-03 11:24:54,908][棋盘]黑棋落子:13,18
[INFO][2018-09-03 11:24:54,908][接收通道]等待对方消息
[INFO][2018-09-03 11:24:55,532][接收通道]等待对方消息
[INFO][2018-09-03 11:24:55,532][棋盘]白棋落子:11,6
[INFO][2018-09-03 11:24:55,537][棋盘]黑棋落子:0,17
[INFO][2018-09-03 11:24:55,538][接收通道]等待对方消息
[INFO][2018-09-03 11:24:56,142][接收通道]等待对方消息
[INFO][2018-09-03 11:24:56,143][棋盘]白棋落子:12,6
[INFO][2018-09-03 11:24:56,147][棋盘]黑棋落子:8,10
[INFO][2018-09-03 11:24:56,147][接收通道]等待对方消息
[INFO][2018-09-03 11:24:56,794][接收通道]等待对方消息
[INFO][2018-09-03 11:24:56,794][棋盘]白棋落子:13,6
[INFO][2018-09-03 11:29:28,671][菜单]用户选择人机对战页面
[INFO][2018-09-03 11:29:29,527][人机对战菜单]用户选择电脑水平为初级
[INFO][2018-09-03 11:29:30,961][游戏]开始游戏
[INFO][2018-09-03 11:29:31,672][接收通道]等待对方消息
[INFO][2018-09-03 11:29:31,672][棋盘]白棋落子:10,6
[INFO][2018-09-03 11:29:31,672][棋盘]黑棋落子:9,4
[INFO][2018-09-03 11:29:31,672][接收通道]等待对方消息
[INFO][2018-09-03 11:29:32,525][接收通道]等待对方消息
[INFO][2018-09-03 11:29:32,525][棋盘]白棋落子:10,7
[INFO][2018-09-03 11:29:32,526][棋盘]黑棋落子:15,6
[INFO][2018-09-03 11:29:32,526][接收通道]等待对方消息
[INFO][2018-09-03 11:29:33,096][接收通道]等待对方消息
[INFO][2018-09-03 11:29:33,097][棋盘]白棋落子:10,8
[INFO][2018-09-03 11:29:33,097][棋盘]黑棋落子:6,15
[INFO][2018-09-03 11:29:33,097][接收通道]等待对方消息
[INFO][2018-09-03 11:29:33,807][接收通道]等待对方消息
[INFO][2018-09-03 11:29:33,807][棋盘]白棋落子:10,9
[INFO][2018-09-03 11:29:33,807][棋盘]黑棋落子:2,5
[INFO][2018-09-03 11:29:33,807][接收通道]等待对方消息
[INFO][2018-09-03 11:29:34,380][接收通道]等待对方消息
[INFO][2018-09-03 11:29:34,380][棋盘]白棋落子:10,10
[INFO][2018-09-03 11:29:38,139][棋盘]白棋获胜！初始化棋盘页面
[INFO][2018-09-03 11:29:38,900][游戏]玩家选择返回主菜单
[INFO][2018-09-03 11:53:56,434][菜单]用户选择人机对战页面
[INFO][2018-09-03 11:53:58,787][人机对战菜单]用户选择电脑水平为初级
[INFO][2018-09-03 11:54:00,480][游戏]开始游戏
[INFO][2018-09-03 11:54:01,134][接收通道]等待对方消息
[INFO][2018-09-03 11:54:01,135][棋盘]白棋落子:5,4
[INFO][2018-09-03 11:54:01,136][棋盘]黑棋落子:17,10
[INFO][2018-09-03 11:54:01,136][接收通道]等待对方消息
[INFO][2018-09-03 11:54:01,883][接收通道]等待对方消息
[INFO][2018-09-03 11:54:01,883][棋盘]白棋落子:6,4
[INFO][2018-09-03 11:54:01,883][棋盘]黑棋落子:16,3
[INFO][2018-09-03 11:54:01,883][接收通道]等待对方消息
[INFO][2018-09-03 11:54:02,428][接收通道]等待对方消息
[INFO][2018-09-03 11:54:02,438][棋盘]白棋落子:7,4
[INFO][2018-09-03 11:54:02,438][棋盘]黑棋落子:13,13
[INFO][2018-09-03 11:54:02,438][接收通道]等待对方消息
[INFO][2018-09-03 11:54:03,405][接收通道]等待对方消息
[INFO][2018-09-03 11:54:03,405][棋盘]白棋落子:8,4
[INFO][2018-09-03 11:54:03,405][棋盘]黑棋落子:10,16
[INFO][2018-09-03 11:54:03,405][接收通道]等待对方消息
[INFO][2018-09-03 11:54:03,934][接收通道]等待对方消息
[INFO][2018-09-03 11:54:03,934][棋盘]白棋落子:9,4
[INFO][2018-09-03 11:54:06,414][棋盘]白棋获胜！初始化棋盘页面
[INFO][2018-09-03 11:57:51,508][菜单]用户选择人机对战页面
[INFO][2018-09-03 11:57:52,519][人机对战菜单]用户选择电脑水平为初级
[INFO][2018-09-03 11:57:54,015][游戏]开始游戏
[INFO][2018-09-03 11:57:54,671][接收通道]等待对方消息
[INFO][2018-09-03 11:57:54,671][棋盘]白棋落子:7,6
[INFO][2018-09-03 11:57:54,672][棋盘]黑棋落子:13,7
[INFO][2018-09-03 11:57:54,673][接收通道]等待对方消息
[INFO][2018-09-03 11:57:55,491][接收通道]等待对方消息
[INFO][2018-09-03 11:57:55,491][棋盘]白棋落子:8,6
[INFO][2018-09-03 11:57:55,492][棋盘]黑棋落子:17,4
[INFO][2018-09-03 11:57:55,492][接收通道]等待对方消息
[INFO][2018-09-03 11:57:56,093][接收通道]等待对方消息
[INFO][2018-09-03 11:57:56,093][棋盘]白棋落子:9,6
[INFO][2018-09-03 11:57:56,093][棋盘]黑棋落子:7,13
[INFO][2018-09-03 11:57:56,094][接收通道]等待对方消息
[INFO][2018-09-03 11:57:57,153][接收通道]等待对方消息
[INFO][2018-09-03 11:57:57,153][棋盘]白棋落子:11,6
[INFO][2018-09-03 11:57:57,153][棋盘]黑棋落子:5,14
[INFO][2018-09-03 11:57:57,153][接收通道]等待对方消息
[INFO][2018-09-03 11:57:58,062][接收通道]等待对方消息
[INFO][2018-09-03 11:57:58,062][棋盘]白棋落子:10,6
[INFO][2018-09-03 11:58:06,422][棋盘]白棋获胜！初始化棋盘页面
[INFO][2018-09-03 11:58:08,929][游戏]玩家选择返回主菜单
[INFO][2018-09-03 12:04:16,048][菜单]用户选择人机对战页面
[INFO][2018-09-03 12:04:17,374][人机对战菜单]用户选择电脑水平为初级
[INFO][2018-09-03 12:04:18,796][游戏]开始游戏
[INFO][2018-09-03 12:04:21,196][接收通道]等待对方消息
[INFO][2018-09-03 12:04:21,196][棋盘]白棋落子:6,5
[INFO][2018-09-03 12:04:21,198][棋盘]黑棋落子:5,4
[INFO][2018-09-03 12:04:21,198][接收通道]等待对方消息
[INFO][2018-09-03 12:04:22,062][接收通道]等待对方消息
[INFO][2018-09-03 12:04:22,063][棋盘]白棋落子:6,6
[INFO][2018-09-03 12:04:22,063][棋盘]黑棋落子:16,15
[INFO][2018-09-03 12:04:22,063][接收通道]等待对方消息
[INFO][2018-09-03 12:04:22,898][接收通道]等待对方消息
[INFO][2018-09-03 12:04:22,899][棋盘]白棋落子:6,7
[INFO][2018-09-03 12:04:22,899][棋盘]黑棋落子:10,3
[INFO][2018-09-03 12:04:22,899][接收通道]等待对方消息
[INFO][2018-09-03 12:04:23,643][接收通道]等待对方消息
[INFO][2018-09-03 12:04:23,643][棋盘]白棋落子:6,8
[INFO][2018-09-03 12:04:23,644][棋盘]黑棋落子:17,6
[INFO][2018-09-03 12:04:23,644][接收通道]等待对方消息
[INFO][2018-09-03 12:04:24,572][接收通道]等待对方消息
[INFO][2018-09-03 12:04:24,573][棋盘]白棋落子:6,9
[INFO][2018-09-03 12:04:27,849][棋盘]白棋获胜！初始化棋盘页面
[INFO][2018-09-03 12:05:27,441][菜单]用户选择人机对战页面
[INFO][2018-09-03 12:05:28,522][人机对战菜单]用户选择电脑水平为初级
[INFO][2018-09-03 12:05:29,992][游戏]开始游戏
[INFO][2018-09-03 12:05:31,401][接收通道]等待对方消息
[INFO][2018-09-03 12:05:31,401][棋盘]白棋落子:6,5
[INFO][2018-09-03 12:05:31,401][棋盘]黑棋落子:3,2
[INFO][2018-09-03 12:05:31,401][接收通道]等待对方消息
[INFO][2018-09-03 12:05:32,387][接收通道]等待对方消息
[INFO][2018-09-03 12:05:32,387][棋盘]白棋落子:6,6
[INFO][2018-09-03 12:05:32,388][棋盘]黑棋落子:13,2
[INFO][2018-09-03 12:05:32,388][接收通道]等待对方消息
[INFO][2018-09-03 12:05:32,970][接收通道]等待对方消息
[INFO][2018-09-03 12:05:32,970][棋盘]白棋落子:6,7
[INFO][2018-09-03 12:05:32,971][棋盘]黑棋落子:9,3
[INFO][2018-09-03 12:05:32,971][接收通道]等待对方消息
[INFO][2018-09-03 12:05:33,868][接收通道]等待对方消息
[INFO][2018-09-03 12:05:33,868][棋盘]白棋落子:6,8
[INFO][2018-09-03 12:05:33,869][棋盘]黑棋落子:17,13
[INFO][2018-09-03 12:05:33,869][接收通道]等待对方消息
[INFO][2018-09-03 12:05:34,852][接收通道]等待对方消息
[INFO][2018-09-03 12:05:34,862][棋盘]白棋落子:6,9
[INFO][2018-09-03 12:05:38,052][棋盘]白棋获胜！初始化棋盘页面
[INFO][2018-09-03 12:09:48,830][菜单]用户选择人机对战页面
[INFO][2018-09-03 12:09:49,830][人机对战菜单]用户选择电脑水平为初级
[INFO][2018-09-03 12:09:51,519][游戏]开始游戏
[INFO][2018-09-03 12:09:52,789][接收通道]等待对方消息
[INFO][2018-09-03 12:09:52,790][棋盘]白棋落子:7,5
[INFO][2018-09-03 12:09:52,791][棋盘]黑棋落子:5,12
[INFO][2018-09-03 12:09:52,791][接收通道]等待对方消息
[INFO][2018-09-03 12:09:53,420][接收通道]等待对方消息
[INFO][2018-09-03 12:09:53,420][棋盘]白棋落子:7,6
[INFO][2018-09-03 12:09:53,420][棋盘]黑棋落子:12,18
[INFO][2018-09-03 12:09:53,421][接收通道]等待对方消息
[INFO][2018-09-03 12:09:53,930][接收通道]等待对方消息
[INFO][2018-09-03 12:09:53,930][棋盘]白棋落子:7,7
[INFO][2018-09-03 12:09:53,930][棋盘]黑棋落子:11,15
[INFO][2018-09-03 12:09:53,931][接收通道]等待对方消息
[INFO][2018-09-03 12:09:54,341][接收通道]等待对方消息
[INFO][2018-09-03 12:09:54,342][棋盘]白棋落子:7,8
[INFO][2018-09-03 12:09:54,342][棋盘]黑棋落子:15,5
[INFO][2018-09-03 12:09:54,342][接收通道]等待对方消息
[INFO][2018-09-03 12:09:54,949][接收通道]等待对方消息
[INFO][2018-09-03 12:09:54,949][棋盘]白棋落子:7,9
[INFO][2018-09-03 12:09:59,668][棋盘]白棋获胜！初始化棋盘页面
[INFO][2018-09-03 12:10:00,812][游戏]玩家选择返回主菜单
[INFO][2018-09-03 12:11:35,404][菜单]用户选择人机对战页面
[INFO][2018-09-03 12:11:36,588][人机对战菜单]用户选择电脑水平为初级
[INFO][2018-09-03 12:11:37,967][游戏]开始游戏
[INFO][2018-09-03 12:11:39,255][接收通道]等待对方消息
[INFO][2018-09-03 12:11:39,255][棋盘]白棋落子:5,4
[INFO][2018-09-03 12:11:39,265][棋盘]黑棋落子:16,1
[INFO][2018-09-03 12:11:39,265][接收通道]等待对方消息
[INFO][2018-09-03 12:11:39,853][接收通道]等待对方消息
[INFO][2018-09-03 12:11:39,854][棋盘]白棋落子:6,4
[INFO][2018-09-03 12:11:39,854][棋盘]黑棋落子:18,10
[INFO][2018-09-03 12:11:39,854][接收通道]等待对方消息
[INFO][2018-09-03 12:11:40,677][接收通道]等待对方消息
[INFO][2018-09-03 12:11:40,677][棋盘]白棋落子:7,4
[INFO][2018-09-03 12:11:40,678][棋盘]黑棋落子:12,7
[INFO][2018-09-03 12:11:40,678][接收通道]等待对方消息
[INFO][2018-09-03 12:11:41,340][接收通道]等待对方消息
[INFO][2018-09-03 12:11:41,340][棋盘]白棋落子:8,4
[INFO][2018-09-03 12:11:41,340][棋盘]黑棋落子:18,5
[INFO][2018-09-03 12:11:41,340][接收通道]等待对方消息
[INFO][2018-09-03 12:11:42,102][接收通道]等待对方消息
[INFO][2018-09-03 12:11:42,112][棋盘]白棋落子:9,4
[INFO][2018-09-03 12:53:51,647][棋盘]白棋获胜！初始化棋盘页面
[INFO][2018-09-03 12:53:52,547][游戏]玩家选择返回主菜单
[INFO][2018-09-03 12:57:42,213][菜单]用户点击退出游戏
[INFO][2018-09-03 13:02:17,670][菜单]用户选择人机对战页面
[INFO][2018-09-03 13:02:18,929][人机对战菜单]用户选择电脑水平为初级
[INFO][2018-09-03 13:02:43,573][菜单]用户选择人人对战页面
[INFO][2018-09-03 13:11:43,987][菜单]用户选择人机对战页面
[INFO][2018-09-03 13:11:53,441][人机对战菜单]用户选择电脑水平为高级
[INFO][2018-09-03 13:11:56,339][游戏]玩家选择返回主菜单
[INFO][2018-09-03 13:11:57,666][菜单]用户选择人机对战页面
[INFO][2018-09-03 13:11:58,796][人机对战菜单]用户选择电脑水平为高级
[INFO][2018-09-03 13:12:03,482][游戏]开始游戏
[INFO][2018-09-03 13:12:04,947][接收通道]等待对方消息
[INFO][2018-09-03 13:12:04,947][棋盘]白棋落子:5,5
[INFO][2018-09-03 13:12:04,950][棋盘]黑棋落子:4,4
[INFO][2018-09-03 13:12:04,951][接收通道]等待对方消息
[INFO][2018-09-03 13:12:06,696][接收通道]等待对方消息
[INFO][2018-09-03 13:12:06,696][棋盘]白棋落子:6,5
[INFO][2018-09-03 13:12:06,697][棋盘]黑棋落子:4,5
[INFO][2018-09-03 13:12:06,697][接收通道]等待对方消息
[INFO][2018-09-03 13:12:10,258][接收通道]等待对方消息
[INFO][2018-09-03 13:12:10,258][棋盘]白棋落子:4,6
[INFO][2018-09-03 13:12:10,259][棋盘]黑棋落子:6,4
[INFO][2018-09-03 13:12:10,260][接收通道]等待对方消息
[INFO][2018-09-03 13:12:12,122][接收通道]等待对方消息
[INFO][2018-09-03 13:12:12,122][棋盘]白棋落子:5,4
[INFO][2018-09-03 13:12:12,123][棋盘]黑棋落子:5,6
[INFO][2018-09-03 13:12:12,123][接收通道]等待对方消息
[INFO][2018-09-03 13:12:14,609][接收通道]等待对方消息
[INFO][2018-09-03 13:12:14,609][棋盘]白棋落子:7,5
[INFO][2018-09-03 13:12:14,610][棋盘]黑棋落子:3,4
[INFO][2018-09-03 13:12:14,610][接收通道]等待对方消息
[INFO][2018-09-03 13:12:21,115][接收通道]等待对方消息
[INFO][2018-09-03 13:12:21,116][棋盘]白棋落子:7,6
[INFO][2018-09-03 13:12:21,116][棋盘]黑棋落子:2,3
[INFO][2018-09-03 13:12:21,117][接收通道]等待对方消息
[INFO][2018-09-03 13:12:25,258][接收通道]等待对方消息
[INFO][2018-09-03 13:12:25,258][棋盘]白棋落子:6,7
[INFO][2018-09-03 13:12:25,260][棋盘]黑棋落子:1,2
[INFO][2018-09-03 13:12:25,260][接收通道]等待对方消息
[INFO][2018-09-03 13:12:28,666][棋盘]黑棋获胜！初始化棋盘页面
[INFO][2018-09-03 13:23:48,056][菜单]用户选择添加背景音乐
[INFO][2018-09-03 13:24:00,190][菜单]用户选择人人对战页面
[INFO][2018-09-03 13:34:54,245][菜单]用户选择人人对战页面
[INFO][2018-09-03 13:38:20,596][菜单]用户点击退出游戏
[INFO][2018-09-03 13:39:38,607][菜单]用户点击退出游戏
[INFO][2018-09-03 13:40:13,417][菜单]用户点击退出游戏
[INFO][2018-09-03 13:40:35,192][菜单]用户点击退出游戏
[INFO][2018-09-03 13:52:54,240][菜单]用户提出意见！！！
[INFO][2018-09-03 13:53:13,689][菜单]用户提出意见！！！
[INFO][2018-09-03 13:54:16,899][菜单]用户提出意见！！！
[INFO][2018-09-03 13:54:42,132][菜单]用户提出意见！！！
[INFO][2018-09-03 13:57:51,696][菜单]用户提出意见！！！
[INFO][2018-09-03 14:04:30,561][菜单]用户提出意见！！！
[INFO][2018-09-03 14:06:36,877][菜单]用户提出意见！！！
[INFO][2018-09-03 14:08:37,329][菜单]用户提出意见！！！
[INFO][2018-09-03 14:13:10,495][菜单]用户提出意见！！！
[INFO][2018-09-03 14:33:11,053][菜单]用户提出意见！！！
[INFO][2018-09-03 14:36:40,668][菜单]用户提出意见！！！
[INFO][2018-09-03 14:38:06,886][菜单]用户触发广告！！！
[INFO][2018-09-03 14:39:29,535][菜单]用户触发广告！！！
[INFO][2018-09-03 14:39:55,430][菜单]用户触发广告！！！
[INFO][2018-09-03 14:40:02,070][菜单]用户触发广告！！！
[INFO][2018-09-03 14:40:09,037][菜单]用户触发广告！！！
[INFO][2018-09-03 14:40:11,805][菜单]用户触发广告！！！
[INFO][2018-09-03 14:40:13,573][菜单]用户触发广告！！！
[INFO][2018-09-03 14:40:17,476][菜单]用户触发广告！！！
[INFO][2018-09-03 14:49:57,637][菜单]用户触发广告！！！
[INFO][2018-09-03 14:54:47,597][菜单]用户触发广告！！！
[INFO][2018-09-03 14:55:01,396][菜单]用户提出意见！！！
[INFO][2018-09-03 14:55:05,251][菜单]用户选择添加背景音乐
[INFO][2018-09-03 14:55:09,859][菜单]用户选择添加背景音乐
[INFO][2018-09-03 16:19:56,379][菜单]用户提出意见！！！
[INFO][2018-09-03 16:23:13,534][菜单]用户选择人人对战页面
[INFO][2018-09-03 16:23:32,877][游戏]对手IP：edward-zhang.spsoft-sz.com
[INFO][2018-09-03 16:23:32,877][游戏]等待对方消息
[INFO][2018-09-03 16:23:37,607][棋盘]白棋落子:5,3
[INFO][2018-09-03 16:23:37,608][游戏]对手IP：edward-zhang.spsoft-sz.com
[INFO][2018-09-03 16:23:42,378][游戏]对手IP：edward-zhang.spsoft-sz.com
[INFO][2018-09-03 16:23:52,303][棋盘]白棋落子:5,4
[INFO][2018-09-03 16:23:52,304][游戏]对手IP：edward-zhang.spsoft-sz.com
[INFO][2018-09-03 16:23:56,037][游戏]对手IP：edward-zhang.spsoft-sz.com
[INFO][2018-09-03 16:23:56,805][棋盘]白棋落子:5,5
[INFO][2018-09-03 16:23:56,805][游戏]对手IP：edward-zhang.spsoft-sz.com
[INFO][2018-09-03 16:23:57,323][游戏]对手IP：edward-zhang.spsoft-sz.com
[INFO][2018-09-03 16:23:59,302][棋盘]白棋落子:5,6
[INFO][2018-09-03 16:23:59,302][游戏]对手IP：edward-zhang.spsoft-sz.com
[INFO][2018-09-03 16:23:59,960][游戏]对手IP：edward-zhang.spsoft-sz.com
[INFO][2018-09-03 16:24:00,914][棋盘]白棋落子:5,7
[INFO][2018-09-03 16:24:00,914][游戏]对手IP：edward-zhang.spsoft-sz.com
[INFO][2018-09-03 16:24:41,728][棋盘]白棋获胜！初始化页面
[INFO][2018-09-03 16:24:41,729][棋盘]白棋获胜！初始化页面
[INFO][2018-09-03 16:24:44,969][游戏]对手IP：edward-zhang.spsoft-sz.com
[INFO][2018-09-03 16:24:53,686][游戏]对手IP：edward-zhang.spsoft-sz.com
[INFO][2018-09-03 16:24:53,686][游戏]对手发送的消息自己
[INFO][2018-09-03 16:26:07,674][菜单]用户选择人机对战页面
[INFO][2018-09-03 16:26:09,327][人机对战菜单]用户选择电脑水平为高级
[INFO][2018-09-03 16:26:11,116][游戏]玩家选择返回主菜单
[INFO][2018-09-03 17:01:37,273][菜单]用户选择人人对战页面
[INFO][2018-09-03 17:02:27,511][菜单]用户选择人人对战页面
[INFO][2018-09-03 17:06:06,907][菜单]用户选择人人对战页面
[INFO][2018-09-03 17:12:17,099][菜单]用户选择人人对战页面
